生成启动时间为 2017/10/3 10:59:53。
     1>项目“c:\Users\hp\documents\visual studio 2010\Projects\a6\a6\a6.vcxproj”在节点 2 上(build 个目标)。
     1>InitializeBuildStatus:
         正在对“Debug\a6.unsuccessfulbuild”执行 Touch 任务。
       ClCompile:
         C:\Program Files (x86)\Microsoft Visual Studio 10.0\VC\bin\CL.exe /c /ZI /nologo /W3 /WX- /Od /Oy- /D WIN32 /D _DEBUG /D _CONSOLE /D _UNICODE /D UNICODE /Gm /EHsc /RTC1 /MDd /GS /fp:precise /Zc:wchar_t /Zc:forScope /Fo"Debug\\" /Fd"Debug\vc100.pdb" /Gd /TP /analyze- /errorReport:prompt a6.cpp
         a6.cpp
     1>c:\users\hp\documents\visual studio 2010\projects\a6\a6\a6.cpp(9): warning C4129: “i”: 不可识别的字符转义序列
     1>c:\users\hp\documents\visual studio 2010\projects\a6\a6\a6.cpp(19): warning C4129: “o”: 不可识别的字符转义序列
       ManifestResourceCompile:
         所有输出均为最新。
       Link:
         C:\Program Files (x86)\Microsoft Visual Studio 10.0\VC\bin\link.exe /ERRORREPORT:PROMPT /OUT:"c:\users\hp\documents\visual studio 2010\Projects\a6\Debug\a6.exe" /INCREMENTAL /NOLOGO kernel32.lib user32.lib gdi32.lib winspool.lib comdlg32.lib advapi32.lib shell32.lib ole32.lib oleaut32.lib uuid.lib odbc32.lib odbccp32.lib /MANIFEST /ManifestFile:"Debug\a6.exe.intermediate.manifest" /MANIFESTUAC:"level='asInvoker' uiAccess='false'" /DEBUG /PDB:"c:\users\hp\documents\visual studio 2010\Projects\a6\Debug\a6.pdb" /SUBSYSTEM:CONSOLE /TLBID:1 /DYNAMICBASE /NXCOMPAT /IMPLIB:"c:\users\hp\documents\visual studio 2010\Projects\a6\Debug\a6.lib" /MACHINE:X86 Debug\a6.exe.embed.manifest.res
         Debug\a6.obj
       Manifest:
         C:\Program Files (x86)\Microsoft SDKs\Windows\v7.0A\bin\mt.exe /nologo /verbose /out:"Debug\a6.exe.embed.manifest" /manifest Debug\a6.exe.intermediate.manifest
         所有输出均为最新。
       LinkEmbedManifest:
         所有输出均为最新。
         a6.vcxproj -> c:\users\hp\documents\visual studio 2010\Projects\a6\Debug\a6.exe
       FinalizeBuildStatus:
         正在删除文件“Debug\a6.unsuccessfulbuild”。
         正在对“Debug\a6.lastbuildstate”执行 Touch 任务。
     1>已完成生成项目“c:\Users\hp\documents\visual studio 2010\Projects\a6\a6\a6.vcxproj”(build 个目标)的操作。

生成成功。

已用时间 00:00:01.91
